2025-03-14 16:15:47,779 - Created new profit tracker file with initial capital: 1000
2025-03-14 16:15:48,784 - Bought 213.79 XRP at 0.4673 USD/XRP for 100.00 USD (Fee: 0.10 USD)
2025-03-14 16:15:48,784 - Sold 213.79 XRP at 0.4959 USD/XRP for 105.92 USD (Fee: 0.11 USD)
2025-03-14 16:15:48,785 - Arbitrage profit: 5.92 USD
2025-03-14 16:15:49,790 - Bought 203.27 XRP at 0.4915 USD/XRP for 100.00 USD (Fee: 0.10 USD)
2025-03-14 16:15:49,791 - Sold 203.27 XRP at 0.5174 USD/XRP for 105.07 USD (Fee: 0.11 USD)
2025-03-14 16:15:49,791 - Arbitrage profit: 10.99 USD
2025-03-14 16:15:52,801 - Bought 221.61 XRP at 0.4508 USD/XRP for 100.00 USD (Fee: 0.10 USD)
2025-03-14 16:15:52,802 - Sold 221.61 XRP at 0.4621 USD/XRP for 102.30 USD (Fee: 0.10 USD)
2025-03-14 16:15:52,803 - Arbitrage profit: 13.29 USD
2025-03-14 16:15:53,807 - Bought 203.84 XRP at 0.4901 USD/XRP for 100.00 USD (Fee: 0.10 USD)
2025-03-14 16:15:53,807 - Sold 203.84 XRP at 0.5318 USD/XRP for 108.29 USD (Fee: 0.11 USD)
2025-03-14 16:15:53,807 - Arbitrage profit: 21.58 USD
2025-03-14 16:15:54,813 - Bought 211.27 XRP at 0.4729 USD/XRP for 100.00 USD (Fee: 0.10 USD)
2025-03-14 16:15:54,814 - Sold 211.27 XRP at 0.4894 USD/XRP for 103.29 USD (Fee: 0.10 USD)
2025-03-14 16:15:54,814 - Arbitrage profit: 24.87 USD
2025-03-14 16:15:55,819 - Bought 191.58 XRP at 0.5214 USD/XRP for 100.00 USD (Fee: 0.10 USD)
2025-03-14 16:15:55,819 - Sold 191.58 XRP at 0.5469 USD/XRP for 104.68 USD (Fee: 0.10 USD)
2025-03-14 16:15:55,820 - Arbitrage profit: 29.55 USD
2025-03-14 16:15:56,823 - Bought 212.20 XRP at 0.4708 USD/XRP for 100.00 USD (Fee: 0.10 USD)
2025-03-14 16:15:56,824 - Sold 212.20 XRP at 0.4870 USD/XRP for 103.24 USD (Fee: 0.10 USD)
2025-03-14 16:15:56,824 - Arbitrage profit: 32.79 USD
2025-03-14 16:15:57,827 - Bought 218.32 XRP at 0.4576 USD/XRP for 100.00 USD (Fee: 0.10 USD)
2025-03-14 16:15:57,828 - Sold 218.32 XRP at 0.5082 USD/XRP for 110.83 USD (Fee: 0.11 USD)
2025-03-14 16:15:57,828 - Arbitrage profit: 43.62 USD
2025-03-14 16:15:58,834 - Bought 196.13 XRP at 0.5094 USD/XRP for 100.00 USD (Fee: 0.10 USD)
2025-03-14 16:15:58,835 - Sold 196.13 XRP at 0.5364 USD/XRP for 105.11 USD (Fee: 0.11 USD)
2025-03-14 16:15:58,835 - Arbitrage profit: 48.73 USD
2025-03-14 16:15:59,839 - Bought 204.49 XRP at 0.4885 USD/XRP for 100.00 USD (Fee: 0.10 USD)
2025-03-14 16:15:59,839 - Sold 204.49 XRP at 0.5080 USD/XRP for 103.78 USD (Fee: 0.10 USD)
2025-03-14 16:15:59,840 - Arbitrage profit: 52.51 USD
2025-03-14 16:16:00,842 - Bought 198.25 XRP at 0.5039 USD/XRP for 100.00 USD (Fee: 0.10 USD)
2025-03-14 16:16:00,843 - Sold 198.25 XRP at 0.5347 USD/XRP for 105.90 USD (Fee: 0.11 USD)
2025-03-14 16:16:00,843 - Arbitrage profit: 58.40 USD
2025-03-14 16:16:01,846 - Bought 184.02 XRP at 0.5429 USD/XRP for 100.00 USD (Fee: 0.10 USD)
2025-03-14 16:16:01,847 - Sold 184.02 XRP at 0.5498 USD/XRP for 101.06 USD (Fee: 0.10 USD)
2025-03-14 16:16:01,848 - Arbitrage profit: 59.47 USD
2025-03-14 16:16:02,852 - Bought 218.80 XRP at 0.4566 USD/XRP for 100.00 USD (Fee: 0.10 USD)
2025-03-14 16:16:02,853 - Sold 218.80 XRP at 0.4759 USD/XRP for 104.01 USD (Fee: 0.10 USD)
2025-03-14 16:16:02,854 - Arbitrage profit: 63.48 USD
2025-03-14 16:16:03,854 - Bought 220.76 XRP at 0.4525 USD/XRP for 100.00 USD (Fee: 0.10 USD)
2025-03-14 16:16:03,855 - Sold 220.76 XRP at 0.5127 USD/XRP for 113.06 USD (Fee: 0.11 USD)
2025-03-14 16:16:03,855 - Arbitrage profit: 76.54 USD
2025-03-14 16:16:04,861 - Bought 203.89 XRP at 0.4900 USD/XRP for 100.00 USD (Fee: 0.10 USD)
2025-03-14 16:16:04,861 - Sold 203.89 XRP at 0.4996 USD/XRP for 101.75 USD (Fee: 0.10 USD)
2025-03-14 16:16:04,861 - Arbitrage profit: 78.30 USD
2025-03-14 16:16:05,866 - Bought 220.39 XRP at 0.4533 USD/XRP for 100.00 USD (Fee: 0.10 USD)
2025-03-14 16:16:05,867 - Sold 220.39 XRP at 0.4699 USD/XRP for 103.45 USD (Fee: 0.10 USD)
2025-03-14 16:16:05,867 - Arbitrage profit: 81.75 USD
2025-03-14 16:16:06,868 - Bought 200.42 XRP at 0.4985 USD/XRP for 100.00 USD (Fee: 0.10 USD)
2025-03-14 16:16:06,869 - Sold 200.42 XRP at 0.5045 USD/XRP for 101.01 USD (Fee: 0.10 USD)
2025-03-14 16:16:06,869 - Arbitrage profit: 82.76 USD
2025-03-14 16:16:07,871 - Bought 213.44 XRP at 0.4681 USD/XRP for 100.00 USD (Fee: 0.10 USD)
2025-03-14 16:16:07,873 - Sold 213.44 XRP at 0.5192 USD/XRP for 110.70 USD (Fee: 0.11 USD)
2025-03-14 16:16:07,873 - Arbitrage profit: 93.46 USD
2025-03-14 16:16:08,125 - Updated profit tracker: Capital=1093.4609206519801, Profit=93.46092065198013, Trades=18
2025-03-14 16:17:06,046 - Loaded from CSV: Capital=1093.46, XRP=0.0, Profit=93.46, Trades=18
2025-03-14 16:17:06,047 - Bought 220.78 XRP at 0.4525 USD/XRP for 100.00 USD (Fee: 0.10 USD)
2025-03-14 16:17:06,047 - Sold 220.78 XRP at 0.5159 USD/XRP for 113.80 USD (Fee: 0.11 USD)
2025-03-14 16:17:06,047 - Arbitrage profit: 13.80 USD
2025-03-14 16:17:07,053 - Bought 214.25 XRP at 0.4663 USD/XRP for 100.00 USD (Fee: 0.10 USD)
2025-03-14 16:17:07,057 - Sold 214.25 XRP at 0.5165 USD/XRP for 110.55 USD (Fee: 0.11 USD)
2025-03-14 16:17:07,058 - Arbitrage profit: 24.35 USD
2025-03-14 16:17:10,073 - Bought 205.16 XRP at 0.4869 USD/XRP for 100.00 USD (Fee: 0.10 USD)
2025-03-14 16:17:10,074 - Sold 205.16 XRP at 0.5485 USD/XRP for 112.41 USD (Fee: 0.11 USD)
2025-03-14 16:17:10,074 - Arbitrage profit: 36.77 USD
2025-03-14 16:17:10,818 - Updated profit tracker: Capital=1130.2253059044308, Profit=36.76530590443076, Trades=21
